2024-06-17 08:44:57,766 - INFO - Initializing the map
2024-06-17 08:44:57,779 - INFO - Selecting 11 random communes to start the districts
2024-06-17 08:44:57,785 - INFO - Assigning the remaining communes to districts
2024-06-17 08:44:57,790 - INFO - Assigned 50 communes
2024-06-17 08:44:57,793 - INFO - Assigned 100 communes
2024-06-17 08:44:57,795 - INFO - Assigned 150 communes
2024-06-17 08:44:57,796 - INFO - Assigned 200 communes
2024-06-17 08:44:57,797 - INFO - Assigned 250 communes
2024-06-17 08:44:57,798 - INFO - Assigned 300 communes
2024-06-17 08:44:57,799 - INFO - Finished assigning communes to districts, assigned 330 communes out of 330 communes
2024-06-17 08:44:57,799 - INFO - District 0 has 7 communes
2024-06-17 08:44:57,799 - INFO - District 1 has 13 communes
2024-06-17 08:44:57,799 - INFO - District 2 has 14 communes
2024-06-17 08:44:57,799 - INFO - District 3 has 15 communes
2024-06-17 08:44:57,799 - INFO - District 4 has 19 communes
2024-06-17 08:44:57,799 - INFO - District 5 has 21 communes
2024-06-17 08:44:57,799 - INFO - District 6 has 35 communes
2024-06-17 08:44:57,799 - INFO - District 7 has 35 communes
2024-06-17 08:44:57,799 - INFO - District 8 has 48 communes
2024-06-17 08:44:57,799 - INFO - District 9 has 52 communes
2024-06-17 08:44:57,799 - INFO - District 10 has 71 communes
2024-06-17 08:44:57,836 - INFO - Finished initializing the map
2024-06-17 08:44:58,542 - INFO - Generated a map with 11 districts, starting the simulation
2024-06-17 08:45:00,248 - INFO - Step 0, current temperature: 1000, current score: 11462.368841811363
2024-06-17 08:45:20,984 - INFO - Step 50, current temperature: 605.006067137536, current score: 860262.3345591385
2024-06-17 08:45:20,989 - INFO - Seat deviation: 4, population std: 63305460049.090904
2024-06-17 08:45:38,843 - INFO - Step 100, current temperature: 366.03234127322895, current score: 534012.8393631806
2024-06-17 08:45:38,843 - INFO - Seat deviation: 0, population std: 64283033236.490906
2024-06-17 08:46:00,237 - INFO - Step 150, current temperature: 221.45178723886076, current score: 293522.2075459317
2024-06-17 08:46:00,237 - INFO - Seat deviation: 0, population std: 57690971276.490906
2024-06-17 08:46:19,227 - INFO - Step 200, current temperature: 133.97967485796173, current score: 223990.59593172022
2024-06-17 08:46:19,227 - INFO - Seat deviation: 0, population std: 73418110593.4909
2024-06-17 08:46:46,069 - INFO - Step 250, current temperature: 81.05851616218126, current score: 135546.1855652546
2024-06-17 08:46:46,086 - INFO - Seat deviation: 0, population std: 73577484800.09091
2024-06-17 08:47:07,264 - INFO - Step 300, current temperature: 49.04089407128572, current score: 78351.05889606736
2024-06-17 08:47:07,280 - INFO - Seat deviation: 0, population std: 70881963868.69093
2024-06-17 08:47:39,621 - INFO - Step 350, current temperature: 29.67003845097708, current score: 53625.1043992436
2024-06-17 08:47:39,636 - INFO - Seat deviation: 1, population std: 79643780888.89095
2024-06-17 08:48:00,329 - INFO - Step 400, current temperature: 17.95055327504512, current score: 35794.60847438106
2024-06-17 08:48:00,330 - INFO - Seat deviation: 1, population std: 90191013386.8909
2024-06-17 08:48:37,315 - INFO - Step 450, current temperature: 10.860193639877869, current score: 20719.853270570024
2024-06-17 08:48:37,315 - INFO - Seat deviation: 1, population std: 84125752662.29094
2024-06-17 08:48:59,494 - INFO - Step 500, current temperature: 6.570483042414598, current score: 13755.923695231177
2024-06-17 08:48:59,494 - INFO - Seat deviation: 1, population std: 91620212260.89091
2024-06-17 08:49:37,776 - INFO - Step 550, current temperature: 3.975182104685131, current score: 8326.829167457452
2024-06-17 08:49:37,776 - INFO - Seat deviation: 1, population std: 92399618089.69093
2024-06-17 08:49:59,992 - INFO - Step 600, current temperature: 2.4050092913110643, current score: 5371.529520313443
2024-06-17 08:50:00,002 - INFO - Seat deviation: 1, population std: 98565905278.2909
2024-06-17 08:50:40,156 - INFO - Step 650, current temperature: 1.4550452127653408, current score: 2930.2846551977477
2024-06-17 08:50:40,156 - INFO - Seat deviation: 1, population std: 88585432866.69093
2024-06-17 08:51:04,213 - INFO - Step 700, current temperature: 0.8803111816824589, current score: 1723.2406514183572
2024-06-17 08:51:04,217 - INFO - Seat deviation: 1, population std: 85501071550.89095
2024-06-17 08:51:47,485 - INFO - Step 750, current temperature: 0.5325936058869017, current score: 1093.6625234510966
2024-06-17 08:51:47,490 - INFO - Seat deviation: 1, population std: 91654137430.2909
2024-06-17 08:52:14,842 - INFO - Step 800, current temperature: 0.32222236288023354, current score: 612.1073755595207
2024-06-17 08:52:14,842 - INFO - Seat deviation: 1, population std: 83847649644.29094
2024-06-17 08:53:11,103 - INFO - Step 850, current temperature: 0.19494648450993418, current score: 388.58342715693203
2024-06-17 08:53:11,118 - INFO - Seat deviation: 1, population std: 88166877882.89091
2024-06-17 08:53:33,330 - INFO - Step 900, current temperature: 0.11794380589564397, current score: 237.19729297920117
2024-06-17 08:53:33,330 - INFO - Seat deviation: 1, population std: 90244923167.09091
2024-06-17 08:54:20,845 - INFO - Step 950, current temperature: 0.07135671814815654, current score: 147.31756297798148
2024-06-17 08:54:20,862 - INFO - Seat deviation: 1, population std: 91615854836.89091
2024-06-17 08:54:44,493 - INFO - Step 1000, current temperature: 0.04317124741065785, current score: 81.9852405271465
2024-06-17 08:54:44,499 - INFO - Seat deviation: 1, population std: 84677589228.4909
2024-06-17 08:59:22,780 - INFO - Initializing the map
2024-06-17 08:59:22,801 - INFO - Selecting 11 random communes to start the districts
2024-06-17 08:59:22,802 - INFO - Assigning the remaining communes to districts
2024-06-17 08:59:22,807 - INFO - Assigned 50 communes
2024-06-17 08:59:22,812 - INFO - Assigned 100 communes
2024-06-17 08:59:22,814 - INFO - Assigned 150 communes
2024-06-17 08:59:22,815 - INFO - Assigned 200 communes
2024-06-17 08:59:22,815 - INFO - Assigned 250 communes
2024-06-17 08:59:22,815 - INFO - Assigned 300 communes
2024-06-17 08:59:22,815 - INFO - Finished assigning communes to districts, assigned 330 communes out of 330 communes
2024-06-17 08:59:22,815 - INFO - District 0 has 10 communes
2024-06-17 08:59:22,815 - INFO - District 1 has 13 communes
2024-06-17 08:59:22,815 - INFO - District 2 has 24 communes
2024-06-17 08:59:22,815 - INFO - District 3 has 25 communes
2024-06-17 08:59:22,815 - INFO - District 4 has 25 communes
2024-06-17 08:59:22,815 - INFO - District 5 has 26 communes
2024-06-17 08:59:22,815 - INFO - District 6 has 33 communes
2024-06-17 08:59:22,815 - INFO - District 7 has 33 communes
2024-06-17 08:59:22,815 - INFO - District 8 has 36 communes
2024-06-17 08:59:22,815 - INFO - District 9 has 50 communes
2024-06-17 08:59:22,815 - INFO - District 10 has 55 communes
2024-06-17 08:59:22,822 - INFO - Finished initializing the map
2024-06-17 08:59:23,396 - INFO - Generated a map with 11 districts, starting the simulation
2024-06-17 08:59:24,263 - INFO - Step 0, current temperature: 100, current score: 31324.615787843726
